-4369       
0 8 -61
1 8 -81
2 8 68
3 8 28
4 8 44
5 8 -85
6 8 34
7 8 -23
9 8 39
10 8 -99
11 8 94
12 8 -6
13 8 -77
14 8 71
15 8 100
16 8 -45
17 8 49
18 8 -48
19 8 56
20 8 33
21 8 75
22 8 -33
23 8 26
24 8 -91
25 8 -69
26 8 36
27 8 100
28 8 13
29 8 -55
0 1 87
2 1 -88
3 1 -5
4 1 -55
5 1 -17
6 1 21
7 1 -11
9 1 92
10 1 -12
11 1 -85
12 1 -91
13 1 -75
14 1 -5
15 1 -10
16 1 40
17 1 4
18 1 23
19 1 5
20 1 24
21 1 -21
22 1 96
23 1 100
24 1 49
25 1 -82
26 1 20
27 1 -2
28 1 -65
29 1 42
0 19 82
2 19 70
3 19 60
4 19 -2
5 19 -13
6 19 -21
7 19 92
9 19 6
10 19 76
11 19 -3
12 19 -64
13 19 -6
14 19 -61
15 19 9
16 19 -84
17 19 -91
18 19 -28
20 19 -32
21 19 -20
22 19 -97
23 19 -63
24 19 -44
25 19 -46
26 19 -10
27 19 -80
28 19 100
29 19 -64
0 28 96
2 28 -29
3 28 -59
4 28 -25
5 28 84
6 28 -77
7 28 -49
9 28 -93
10 28 60
11 28 -63
12 28 -55
13 28 -68
14 28 -31
15 28 -62
16 28 -50
17 28 30
18 28 -21
20 28 77
21 28 19
22 28 -21
23 28 -13
24 28 83
25 28 89
26 28 96
27 28 -15
29 28 -27
0 3 87
2 3 91
4 3 25
5 3 -9
6 3 -44
7 3 -13
9 3 72
10 3 -10
11 3 -2
12 3 -77
13 3 -78
14 3 76
15 3 4
16 3 90
17 3 -93
18 3 45
20 3 -38
21 3 -18
22 3 90
23 3 -67
24 3 -97
25 3 -97
26 3 -16
27 3 -4
29 3 -84
0 23 60
2 23 -88
4 23 -10
5 23 -22
6 23 11
7 23 -36
9 23 -88
10 23 98
11 23 -52
12 23 2
13 23 -68
14 23 -100
15 23 12
16 23 -66
17 23 -5
18 23 98
20 23 -56
21 23 83
22 23 -60
24 23 -32
25 23 -32
26 23 -20
27 23 -55
29 23 47
0 10 -91
2 10 58
4 10 -91
5 10 30
6 10 -46
7 10 -3
9 10 -75
11 10 51
12 10 -35
13 10 -17
14 10 -32
15 10 3
16 10 53
17 10 -98
18 10 -30
20 10 100
21 10 -84
22 10 64
24 10 30
25 10 31
26 10 -39
27 10 47
29 10 -67
0 25 7
2 25 -9
4 25 10
5 25 -64
6 25 17
7 25 -14
9 25 -14
11 25 -11
12 25 -32
13 25 79
14 25 -26
15 25 -88
16 25 -7
17 25 -62
18 25 10
20 25 -86
21 25 -65
22 25 -78
24 25 -37
26 25 -60
27 25 -33
29 25 28
0 17 -92
2 17 -68
4 17 68
5 17 92
6 17 -2
7 17 -59
9 17 27
11 17 -15
12 17 -11
13 17 6
14 17 -87
15 17 -10
16 17 -92
18 17 11
20 17 -12
21 17 -89
22 17 69
24 17 -71
26 17 -22
27 17 -39
29 17 46
0 22 37
2 22 -67
4 22 99
5 22 95
6 22 8
7 22 68
9 22 18
11 22 -16
12 22 99
13 22 -74
14 22 -49
15 22 -82
16 22 -50
18 22 17
20 22 -19
21 22 -2
24 22 -53
26 22 -80
27 22 -83
29 22 25
0 9 -67
2 9 -93
4 9 -7
5 9 20
6 9 29
7 9 -47
11 9 -55
12 9 -15
13 9 -60
14 9 -80
15 9 38
16 9 65
18 9 -25
20 9 14
21 9 62
24 9 23
26 9 -58
27 9 10
29 9 -99
0 27 44
2 27 -46
4 27 -20
5 27 -30
6 27 26
7 27 -100
11 27 -56
12 27 35
13 27 -13
14 27 -100
15 27 -42
16 27 6
18 27 -27
20 27 94
21 27 -68
24 27 64
26 27 0
29 27 -45
0 21 -20
2 21 -54
4 21 78
5 21 -17
6 21 31
7 21 24
11 21 30
12 21 -65
13 21 -38
14 21 79
15 21 -6
16 21 -56
18 21 28
20 21 25
24 21 -13
26 21 21
29 21 -96
0 12 -37
2 12 19
4 12 -23
5 12 -49
6 12 44
7 12 -88
11 12 21
13 12 -20
14 12 34
15 12 51
16 12 94
18 12 66
20 12 -29
24 12 -58
26 12 -74
29 12 -16
0 29 39
2 29 -72
4 29 -40
5 29 85
6 29 -92
7 29 -95
11 29 -85
13 29 83
14 29 86
15 29 28
16 29 -6
18 29 -70
20 29 7
24 29 1
26 29 -55
0 7 29
2 7 -26
4 7 96
5 7 79
6 7 56
11 7 -71
13 7 -74
14 7 31
15 7 -46
16 7 -93
18 7 37
20 7 84
24 7 -60
26 7 54
0 11 -22
2 11 -14
4 11 18
5 11 -99
6 11 17
13 11 12
14 11 -90
15 11 -43
16 11 -95
18 11 -59
20 11 68
24 11 36
26 11 51
0 18 -91
2 18 34
4 18 -13
5 18 43
6 18 -30
13 18 67
14 18 -34
15 18 9
16 18 -32
20 18 -56
24 18 -44
26 18 -56
0 15 -94
2 15 66
4 15 78
5 15 73
6 15 -87
13 15 -63
14 15 83
16 15 -81
20 15 99
24 15 25
26 15 -92
2 0 -100
4 0 -42
5 0 -48
6 0 46
13 0 23
14 0 -54
16 0 -47
20 0 -80
24 0 42
26 0 -44
4 2 -98
5 2 74
6 2 84
13 2 -4
14 2 -47
16 2 -65
20 2 19
24 2 -34
26 2 -4
4 16 -78
5 16 -28
6 16 -66
13 16 95
14 16 -63
20 16 11
24 16 10
26 16 -48
4 14 26
5 14 -74
6 14 -68
13 14 100
20 14 3
24 14 -1
26 14 -4
4 5 72
6 5 -12
13 5 -55
20 5 20
24 5 14
26 5 -77
4 26 51
6 26 -49
13 26 -7
20 26 -37
24 26 -25
4 6 79
13 6 -70
20 6 -98
24 6 -40
4 13 -98
20 13 33
24 13 23
4 24 -58
20 24 -61
20 4 0
