-3330       
0 25 -24
0 14 24
23 40 -92
0 3 -3
2 42 -54
23 29 22
23 48 7
2 3 13
27 29 -55
27 8 -67
2 11 -99
27 13 -7
27 38 -72
27 48 -41
49 22 -18
23 32 -84
49 48 -48
0 43 17
49 19 12
49 6 -88
23 38 33
2 8 -59
0 42 57
49 30 -81
38 3 36
38 42 50
23 12 44
23 16 -32
42 16 -26
2 48 59
23 39 -61
2 13 22
23 6 -3
42 32 -69
42 29 40
38 12 47
13 40 -77
23 9 -33
13 4 -65
13 30 -41
13 3 -77
2 45 -81
9 35 -63
9 29 -75
42 7 -39
9 36 -81
0 40 -68
2 30 21
23 26 47
9 14 -78
42 24 -76
42 6 32
9 22 -23
9 21 -68
9 43 -61
9 3 -76
13 45 -17
48 20 -16
48 19 23
27 3 46
48 6 -42
48 47 -18
48 40 30
48 12 34
49 37 -83
48 21 -68
7 3 46
7 40 19
7 47 -32
7 6 -77
7 19 -62
7 22 -89
23 25 36
42 39 -45
27 4 64
23 14 53
9 24 -19
7 26 62
7 30 -19
7 31 -51
7 16 -42
38 31 -34
7 14 59
2 29 58
4 28 -67
4 19 57
27 34 -52
49 32 26
13 12 62
4 30 24
4 29 74
4 10 -17
9 6 76
2 36 -63
20 34 -56
49 35 -43
10 45 11
10 39 -100
38 16 -11
10 24 -14
10 44 -47
10 30 -84
10 29 -100
10 31 67
10 22 -21
10 21 -65
10 14 -58
10 26 43
10 41 -70
7 18 -45
16 47 -94
9 41 -24
16 17 -74
9 40 50
10 18 -6
13 21 27
48 28 -47
2 22 6
48 3 64
28 24 -23
42 5 -81
28 35 -76
30 33 -67
27 11 51
30 21 -68
30 32 -90
48 37 -79
30 36 -51
7 24 3
11 39 55
11 32 -89
21 24 55
21 25 -3
4 32 44
23 47 11
21 36 -58
21 18 -68
21 39 -92
22 26 1
22 14 5
10 35 -15
22 31 -45
22 32 -53
22 19 59
0 17 -45
22 24 24
39 31 -10
39 3 68
39 40 -83
16 18 61
39 15 18
39 6 43
18 41 5
22 17 78
30 37 19
18 32 -46
16 3 75
20 36 -1
21 47 38
4 34 16
28 5 -70
17 12 40
20 6 81
17 26 53
17 19 55
17 37 33
17 8 -15
17 33 -95
17 43 2
17 29 -16
3 33 -98
3 25 54
3 12 -95
3 32 3
22 35 1
6 8 -25
6 26 52
6 31 -78
6 14 -6
6 12 -34
6 36 51
6 35 -18
6 44 13
47 37 -50
7 33 40
47 29 -73
47 44 -24
47 25 47
43 40 -12
43 36 -65
7 15 40
0 1 0
1 26 -25
1 45 -61
1 35 47
1 8 0
15 45 -66
15 25 53
18 36 58
15 8 21
15 29 -67
15 40 -18
31 29 19
31 46 -97
7 44 47
31 41 -77
31 26 9
12 25 -36
12 34 -84
12 5 0
12 46 -81
47 33 41
21 32 75
12 35 41
33 8 -6
33 32 -93
33 14 -91
24 19 23
24 46 20
15 36 63
24 26 41
26 8 -5
7 25 61
3 35 48
25 34 -19
25 19 12
35 41 -74
35 34 -50
35 32 33
32 34 -59
29 44 49
29 5 -76
16 40 55
27 19 63
48 46 30
40 46 50
19 36 -51
19 8 -50
16 41 41
18 37 61
36 5 -90
36 46 -51
37 44 -57
49 8 44
14 34 -59
44 8 -12
48 45 21
45 8 -100
45 5 -6
34 8 27
8 5 38
